[2025-11-27 06:50:11] [INFO] [LOGGER] Logging system initialized - Log directory: /home/noise/Desktop/TaskScheduling-SOFE3200-Final-Project/logs
[2025-11-27 06:50:11] [ERROR] [Tasks config not found: /home/noise/Desktop/TaskScheduling-SOFE3200-Final-Project/config/tasks.json] 
[2025-11-27 07:01:36] [INFO] [LOGGER] Logging system initialized - Log directory: /home/noise/Desktop/TaskScheduling-SOFE3200-Final-Project/logs
[2025-11-27 07:01:36] [INFO] [Running task 'wash_clothes'...] 
[2025-11-27 07:02:46] [INFO] [LOGGER] Logging system initialized - Log directory: /home/noise/Desktop/TaskScheduling-SOFE3200-Final-Project/logs
[2025-11-27 07:02:46] [INFO] [Running task 'wash_clothes'...] 
[2025-11-27 07:02:46] [INFO] [LOGGER] Logging system initialized - Log directory: /home/noise/Desktop/TaskScheduling-SOFE3200-Final-Project/logs
[2025-11-27 07:02:46] [INFO] [LOGGER] Logging system initialized - Log directory: /home/noise/Desktop/TaskScheduling-SOFE3200-Final-Project/logs
[2025-11-27 07:02:46] [INFO] [LOGGER] Logging system initialized - Log directory: /home/noise/Desktop/TaskScheduling-SOFE3200-Final-Project/logs
[2025-11-27 07:02:46] [INFO] [NOTIFICATION] Email notifications enabled (using mailx)
[2025-11-27 07:03:12] [INFO] [LOGGER] Logging system initialized - Log directory: /home/noise/Desktop/TaskScheduling-SOFE3200-Final-Project/logs
[2025-11-27 07:03:12] [INFO] [Running workflow 'workflow_laundry'...] 
[2025-11-27 07:04:20] [INFO] [LOGGER] Logging system initialized - Log directory: /home/noise/Desktop/TaskScheduling-SOFE3200-Final-Project/logs
[2025-11-27 07:04:20] [INFO] [Running workflow 'workflow_laundry'...] 
[2025-11-27 07:04:20] [INFO] [LOGGER] Logging system initialized - Log directory: /home/noise/Desktop/TaskScheduling-SOFE3200-Final-Project/logs
[2025-11-27 07:06:08] [INFO] [LOGGER] Logging system initialized - Log directory: /home/noise/Desktop/TaskScheduling-SOFE3200-Final-Project/logs
[2025-11-27 07:06:08] [INFO] [Running task 'wash_clothes'...] 
[2025-11-27 07:06:08] [INFO] [LOGGER] Logging system initialized - Log directory: /home/noise/Desktop/TaskScheduling-SOFE3200-Final-Project/logs
[2025-11-27 07:06:08] [INFO] [LOGGER] Logging system initialized - Log directory: /home/noise/Desktop/TaskScheduling-SOFE3200-Final-Project/logs
[2025-11-27 07:06:08] [INFO] [LOGGER] Logging system initialized - Log directory: /home/noise/Desktop/TaskScheduling-SOFE3200-Final-Project/logs
[2025-11-27 07:06:08] [INFO] [NOTIFICATION] Email notifications enabled (using mailx)
[2025-11-27 07:15:13] [INFO] [LOGGER] Logging system initialized - Log directory: /home/noise/Desktop/TaskScheduling-SOFE3200-Final-Project/logs
[2025-11-27 07:15:13] [INFO] [Running task 'wash_clothes'...] 
[2025-11-27 07:15:13] [INFO] [LOGGER] Logging system initialized - Log directory: /home/noise/Desktop/TaskScheduling-SOFE3200-Final-Project/logs
[2025-11-27 07:15:13] [INFO] [LOGGER] Logging system initialized - Log directory: /home/noise/Desktop/TaskScheduling-SOFE3200-Final-Project/logs
[2025-11-27 07:15:13] [INFO] [LOGGER] Logging system initialized - Log directory: /home/noise/Desktop/TaskScheduling-SOFE3200-Final-Project/logs
[2025-11-27 07:15:13] [INFO] [NOTIFICATION] Email notifications enabled (using mailx)
[2025-11-27 07:15:45] [INFO] [LOGGER] Logging system initialized - Log directory: /home/noise/Desktop/TaskScheduling-SOFE3200-Final-Project/logs
[2025-11-27 07:15:45] [INFO] [Workflows defined in /home/noise/Desktop/TaskScheduling-SOFE3200-Final-Project/config/workflows.json] 
[2025-11-27 07:15:58] [INFO] [LOGGER] Logging system initialized - Log directory: /home/noise/Desktop/TaskScheduling-SOFE3200-Final-Project/logs
[2025-11-30 21:32:47] [INFO] [LOGGER] Logging system initialized - Log directory: /home/noise/Desktop/TaskScheduling-SOFE3200-Final-Project/logs
[2025-11-30 21:34:54] [INFO] [LOGGER] Logging system initialized - Log directory: /home/noise/Desktop/TaskScheduling-SOFE3200-Final-Project/logs
[2025-11-30 21:34:54] [INFO] [Tasks defined in /home/noise/Desktop/TaskScheduling-SOFE3200-Final-Project/config/tasks.json] 
[2025-11-30 21:36:51] [INFO] [LOGGER] Logging system initialized - Log directory: /home/noise/Desktop/TaskScheduling-SOFE3200-Final-Project/logs
[2025-11-30 21:36:51] [INFO] [Workflows defined in /home/noise/Desktop/TaskScheduling-SOFE3200-Final-Project/config/workflows.json] 
[2025-11-30 21:38:39] [INFO] [LOGGER] Logging system initialized - Log directory: /home/noise/Desktop/TaskScheduling-SOFE3200-Final-Project/logs
[2025-11-30 21:53:54] [INFO] [LOGGER] Logging system initialized - Log directory: /home/noise/Desktop/TaskScheduling-SOFE3200-Final-Project/logs
[2025-11-30 21:53:54] [INFO] [Running task 'wash_clothes'...] 
[2025-11-30 21:53:54] [INFO] [LOGGER] Logging system initialized - Log directory: /home/noise/Desktop/TaskScheduling-SOFE3200-Final-Project/logs
[2025-11-30 21:53:54] [INFO] [LOGGER] Logging system initialized - Log directory: /home/noise/Desktop/TaskScheduling-SOFE3200-Final-Project/logs
[2025-11-30 21:53:54] [INFO] [LOGGER] Logging system initialized - Log directory: /home/noise/Desktop/TaskScheduling-SOFE3200-Final-Project/logs
[2025-11-30 21:53:54] [INFO] [NOTIFICATION] Email notifications enabled (using mailx)
[2025-11-30 21:54:02] [INFO] [LOGGER] Logging system initialized - Log directory: /home/noise/Desktop/TaskScheduling-SOFE3200-Final-Project/logs
[2025-11-30 21:54:02] [INFO] [Running task 'wash_clothe'...] 
[2025-11-30 21:54:02] [INFO] [LOGGER] Logging system initialized - Log directory: /home/noise/Desktop/TaskScheduling-SOFE3200-Final-Project/logs
[2025-11-30 21:54:02] [INFO] [LOGGER] Logging system initialized - Log directory: /home/noise/Desktop/TaskScheduling-SOFE3200-Final-Project/logs
[2025-11-30 21:54:02] [INFO] [LOGGER] Logging system initialized - Log directory: /home/noise/Desktop/TaskScheduling-SOFE3200-Final-Project/logs
[2025-11-30 21:54:02] [INFO] [NOTIFICATION] Email notifications enabled (using mailx)
[2025-11-30 21:57:26] [INFO] [LOGGER] Logging system initialized - Log directory: /home/noise/Desktop/TaskScheduling-SOFE3200-Final-Project/logs
[2025-11-30 21:57:26] [INFO] [LOGGER] Logging system initialized - Log directory: /home/noise/Desktop/TaskScheduling-SOFE3200-Final-Project/logs
[2025-11-30 21:57:26] [INFO] [LOGGER] Logging system initialized - Log directory: /home/noise/Desktop/TaskScheduling-SOFE3200-Final-Project/logs
[2025-11-30 21:57:26] [INFO] [NOTIFICATION] Email notifications enabled (using mailx)
[2025-11-30 21:57:31] [INFO] [LOGGER] Logging system initialized - Log directory: /home/noise/Desktop/TaskScheduling-SOFE3200-Final-Project/logs
[2025-11-30 21:57:31] [INFO] [LOGGER] Logging system initialized - Log directory: /home/noise/Desktop/TaskScheduling-SOFE3200-Final-Project/logs
[2025-11-30 21:57:31] [INFO] [LOGGER] Logging system initialized - Log directory: /home/noise/Desktop/TaskScheduling-SOFE3200-Final-Project/logs
[2025-11-30 21:57:31] [INFO] [NOTIFICATION] Email notifications enabled (using mailx)
[2025-11-30 22:00:24] [INFO] [LOGGER] Logging system initialized - Log directory: /home/noise/Desktop/TaskScheduling-SOFE3200-Final-Project/logs
[2025-11-30 22:00:24] [INFO] [Running task 'wash_clothes'...] 
[2025-11-30 22:00:24] [INFO] [LOGGER] Logging system initialized - Log directory: /home/noise/Desktop/TaskScheduling-SOFE3200-Final-Project/logs
[2025-11-30 22:00:24] [INFO] [LOGGER] Logging system initialized - Log directory: /home/noise/Desktop/TaskScheduling-SOFE3200-Final-Project/logs
[2025-11-30 22:00:24] [INFO] [LOGGER] Logging system initialized - Log directory: /home/noise/Desktop/TaskScheduling-SOFE3200-Final-Project/logs
[2025-11-30 22:00:24] [INFO] [NOTIFICATION] Email notifications enabled (using mailx)
[2025-11-30 22:00:44] [INFO] [LOGGER] Logging system initialized - Log directory: /home/noise/Desktop/TaskScheduling-SOFE3200-Final-Project/logs
[2025-11-30 22:00:44] [INFO] [Running task 'wash_clothes'...] 
[2025-11-30 22:00:44] [INFO] [LOGGER] Logging system initialized - Log directory: /home/noise/Desktop/TaskScheduling-SOFE3200-Final-Project/logs
[2025-11-30 22:00:45] [INFO] [LOGGER] Logging system initialized - Log directory: /home/noise/Desktop/TaskScheduling-SOFE3200-Final-Project/logs
[2025-11-30 22:00:45] [INFO] [LOGGER] Logging system initialized - Log directory: /home/noise/Desktop/TaskScheduling-SOFE3200-Final-Project/logs
[2025-11-30 22:00:45] [INFO] [NOTIFICATION] Email notifications enabled (using mailx)
[2025-11-30 22:07:40] [INFO] [LOGGER] Logging system initialized - Log directory: /home/noise/Desktop/TaskScheduling-SOFE3200-Final-Project/logs
[2025-11-30 22:07:40] [INFO] [LOGGER] Logging system initialized - Log directory: /home/noise/Desktop/TaskScheduling-SOFE3200-Final-Project/logs
[2025-11-30 22:07:40] [INFO] [LOGGER] Logging system initialized - Log directory: /home/noise/Desktop/TaskScheduling-SOFE3200-Final-Project/logs
[2025-11-30 22:07:40] [INFO] [LOGGER] Logging system initialized - Log directory: /home/noise/Desktop/TaskScheduling-SOFE3200-Final-Project/logs
[2025-11-30 22:07:40] [INFO] [NOTIFICATION] Email notifications enabled (using mailx)
[2025-11-30 22:07:40] [INFO] [Running task 'wash_clothes'...] 
[2025-11-30 22:07:40] [ERROR] [TASK_EXECUTOR] Task not found: wash_clothes
[2025-11-30 22:09:24] [INFO] [LOGGER] Logging system initialized - Log directory: /home/noise/Desktop/TaskScheduling-SOFE3200-Final-Project/logs
[2025-11-30 22:09:24] [INFO] [LOGGER] Logging system initialized - Log directory: /home/noise/Desktop/TaskScheduling-SOFE3200-Final-Project/logs
[2025-11-30 22:09:24] [INFO] [LOGGER] Logging system initialized - Log directory: /home/noise/Desktop/TaskScheduling-SOFE3200-Final-Project/logs
[2025-11-30 22:09:24] [INFO] [LOGGER] Logging system initialized - Log directory: /home/noise/Desktop/TaskScheduling-SOFE3200-Final-Project/logs
[2025-11-30 22:09:24] [INFO] [NOTIFICATION] Email notifications enabled (using mailx)
[2025-11-30 22:09:24] [INFO] [Running task 'wash_clothes'...] 
[2025-11-30 22:09:24] [ERROR] [TASK_EXECUTOR] Task not found: wash_clothes
[2025-11-30 22:11:30] [INFO] [LOGGER] Logging system initialized - Log directory: /home/noise/Desktop/TaskScheduling-SOFE3200-Final-Project/logs
[2025-11-30 22:11:30] [INFO] [LOGGER] Logging system initialized - Log directory: /home/noise/Desktop/TaskScheduling-SOFE3200-Final-Project/logs
[2025-11-30 22:11:30] [INFO] [LOGGER] Logging system initialized - Log directory: /home/noise/Desktop/TaskScheduling-SOFE3200-Final-Project/logs
[2025-11-30 22:11:31] [INFO] [LOGGER] Logging system initialized - Log directory: /home/noise/Desktop/TaskScheduling-SOFE3200-Final-Project/logs
[2025-11-30 22:11:31] [INFO] [NOTIFICATION] Email notifications enabled (using mailx)
[2025-11-30 22:11:31] [INFO] [Running task 'wash_clothes'...] 
[2025-11-30 22:11:31] [INFO] [TASK] Starting task: wash_clothes () /home/noise/Desktop/TaskScheduling-SOFE3200-Final-Project/logs/tasks/wash_clothes.log
[2025-11-30 22:11:31] [ERROR] [TASK_EXECUTOR] No command specified for task: wash_clothes
[2025-11-30 22:14:46] [INFO] [LOGGER] Logging system initialized - Log directory: /home/noise/Desktop/TaskScheduling-SOFE3200-Final-Project/logs
[2025-11-30 22:14:46] [INFO] [LOGGER] Logging system initialized - Log directory: /home/noise/Desktop/TaskScheduling-SOFE3200-Final-Project/logs
[2025-11-30 22:14:46] [INFO] [LOGGER] Logging system initialized - Log directory: /home/noise/Desktop/TaskScheduling-SOFE3200-Final-Project/logs
[2025-11-30 22:14:46] [INFO] [LOGGER] Logging system initialized - Log directory: /home/noise/Desktop/TaskScheduling-SOFE3200-Final-Project/logs
[2025-11-30 22:14:46] [INFO] [NOTIFICATION] Email notifications enabled (using mailx)
[2025-11-30 22:14:46] [INFO] [Running task 'wash_clothes'...] 
[2025-11-30 22:14:46] [INFO] [TASK] Starting task: wash_clothes () /home/noise/Desktop/TaskScheduling-SOFE3200-Final-Project/logs/tasks/wash_clothes.log
[2025-11-30 22:14:46] [ERROR] [TASK_EXECUTOR] No command specified for task: wash_clothes
